
*** Running xst
    with args -ifn "mojo_top_0.xst" -ofn "mojo_top_0.srp" -intstyle ise

Reading design: mojo_top_0.prj

=========================================================================
*                          HDL Parsing                                  *
=========================================================================
Analyzing Verilog file "C:/Users/oka_kurniawan/Documents/mojo/Toggle/work/planAhead/Toggle/Toggle.srcs/sources_1/imports/verilog/pipeline_5.v" into library work
Parsing module <pipeline_5>.
Analyzing Verilog file "C:/Users/oka_kurniawan/Documents/mojo/Toggle/work/planAhead/Toggle/Toggle.srcs/sources_1/imports/verilog/edge_detector_3.v" into library work
Parsing module <edge_detector_3>.
Analyzing Verilog file "C:/Users/oka_kurniawan/Documents/mojo/Toggle/work/planAhead/Toggle/Toggle.srcs/sources_1/imports/verilog/button_conditioner_4.v" into library work
Parsing module <button_conditioner_4>.
Analyzing Verilog file "C:/Users/oka_kurniawan/Documents/mojo/Toggle/work/planAhead/Toggle/Toggle.srcs/sources_1/imports/verilog/switchbox_2.v" into library work
Parsing module <switchbox_2>.
Analyzing Verilog file "C:/Users/oka_kurniawan/Documents/mojo/Toggle/work/planAhead/Toggle/Toggle.srcs/sources_1/imports/verilog/reset_conditioner_1.v" into library work
Parsing module <reset_conditioner_1>.
Analyzing Verilog file "C:/Users/oka_kurniawan/Documents/mojo/Toggle/work/planAhead/Toggle/Toggle.srcs/sources_1/imports/verilog/mojo_top_0.v" into library work
Parsing module <mojo_top_0>.

=========================================================================
*                            HDL Elaboration                            *
=========================================================================

Elaborating module <mojo_top_0>.

Elaborating module <reset_conditioner_1>.

Elaborating module <switchbox_2>.

Elaborating module <edge_detector_3>.

Elaborating module <button_conditioner_4>.

Elaborating module <pipeline_5>.

=========================================================================
*                           HDL Synthesis                               *
=========================================================================

Synthesizing Unit <mojo_top_0>.
    Related source file is "C:/Users/oka_kurniawan/Documents/mojo/Toggle/work/planAhead/Toggle/Toggle.srcs/sources_1/imports/verilog/mojo_top_0.v".
WARNING:Xst:647 - Input <cclk> is never used. This port will be preserved and left unconnected if it belongs to a top-level block or it belongs to a sub-block and the hierarchy of this sub-block is preserved.
WARNING:Xst:647 - Input <spi_ss> is never used. This port will be preserved and left unconnected if it belongs to a top-level block or it belongs to a sub-block and the hierarchy of this sub-block is preserved.
WARNING:Xst:647 - Input <spi_mosi> is never used. This port will be preserved and left unconnected if it belongs to a top-level block or it belongs to a sub-block and the hierarchy of this sub-block is preserved.
WARNING:Xst:647 - Input <spi_sck> is never used. This port will be preserved and left unconnected if it belongs to a top-level block or it belongs to a sub-block and the hierarchy of this sub-block is preserved.
WARNING:Xst:647 - Input <avr_tx> is never used. This port will be preserved and left unconnected if it belongs to a top-level block or it belongs to a sub-block and the hierarchy of this sub-block is preserved.
WARNING:Xst:647 - Input <avr_rx_busy> is never used. This port will be preserved and left unconnected if it belongs to a top-level block or it belongs to a sub-block and the hierarchy of this sub-block is preserved.
    Found 1-bit tristate buffer for signal <spi_miso> created at line 42
    Found 1-bit tristate buffer for signal <spi_channel<3>> created at line 42
    Found 1-bit tristate buffer for signal <spi_channel<2>> created at line 42
    Found 1-bit tristate buffer for signal <spi_channel<1>> created at line 42
    Found 1-bit tristate buffer for signal <spi_channel<0>> created at line 42
    Found 1-bit tristate buffer for signal <avr_rx> created at line 42
    Summary:
	inferred   6 Tristate(s).
Unit <mojo_top_0> synthesized.

Synthesizing Unit <reset_conditioner_1>.
    Related source file is "C:/Users/oka_kurniawan/Documents/mojo/Toggle/work/planAhead/Toggle/Toggle.srcs/sources_1/imports/verilog/reset_conditioner_1.v".
    Found 4-bit register for signal <M_stage_q>.
    Summary:
	inferred   4 D-type flip-flop(s).
Unit <reset_conditioner_1> synthesized.

Synthesizing Unit <switchbox_2>.
    Related source file is "C:/Users/oka_kurniawan/Documents/mojo/Toggle/work/planAhead/Toggle/Toggle.srcs/sources_1/imports/verilog/switchbox_2.v".
    Found 2-bit register for signal <M_state_q>.
    Found finite state machine <FSM_0> for signal <M_state_q>.
    -----------------------------------------------------------------------
    | States             | 2                                              |
    | Transitions        | 4                                              |
    | Inputs             | 2                                              |
    | Outputs            | 2                                              |
    | Clock              | clk (rising_edge)                              |
    | Reset              | rst (positive)                                 |
    | Reset type         | synchronous                                    |
    | Reset State        | 01                                             |
    | Power Up State     | 01                                             |
    | Encoding           | auto                                           |
    | Implementation     | LUT                                            |
    -----------------------------------------------------------------------
WARNING:Xst:737 - Found 1-bit latch for signal <out>. Latches may be generated from incomplete case or if statements. We do not recommend the use of latches in FPGA/CPLD designs, as they may lead to timing problems.
    Summary:
	inferred   1 Latch(s).
	inferred   1 Finite State Machine(s).
Unit <switchbox_2> synthesized.

Synthesizing Unit <edge_detector_3>.
    Related source file is "C:/Users/oka_kurniawan/Documents/mojo/Toggle/work/planAhead/Toggle/Toggle.srcs/sources_1/imports/verilog/edge_detector_3.v".
    Found 1-bit register for signal <M_last_q>.
    Summary:
	inferred   1 D-type flip-flop(s).
Unit <edge_detector_3> synthesized.

Synthesizing Unit <button_conditioner_4>.
    Related source file is "C:/Users/oka_kurniawan/Documents/mojo/Toggle/work/planAhead/Toggle/Toggle.srcs/sources_1/imports/verilog/button_conditioner_4.v".
    Found 20-bit register for signal <M_ctr_q>.
    Found 20-bit adder for signal <M_ctr_q[19]_GND_5_o_add_2_OUT> created at line 35.
    Summary:
	inferred   1 Adder/Subtractor(s).
	inferred  20 D-type flip-flop(s).
Unit <button_conditioner_4> synthesized.

Synthesizing Unit <pipeline_5>.
    Related source file is "C:/Users/oka_kurniawan/Documents/mojo/Toggle/work/planAhead/Toggle/Toggle.srcs/sources_1/imports/verilog/pipeline_5.v".
    Found 2-bit register for signal <M_pipe_q>.
    Summary:
	inferred   2 D-type flip-flop(s).
Unit <pipeline_5> synthesized.

=========================================================================
HDL Synthesis Report

Macro Statistics
# Adders/Subtractors                                   : 1
 20-bit adder                                          : 1
# Registers                                            : 4
 1-bit register                                        : 1
 2-bit register                                        : 1
 20-bit register                                       : 1
 4-bit register                                        : 1
# Latches                                              : 1
 1-bit latch                                           : 1
# Tristates                                            : 6
 1-bit tristate buffer                                 : 6
# FSMs                                                 : 1

=========================================================================

=========================================================================
*                       Advanced HDL Synthesis                          *
=========================================================================


Synthesizing (advanced) Unit <button_conditioner_4>.
The following registers are absorbed into counter <M_ctr_q>: 1 register on signal <M_ctr_q>.
Unit <button_conditioner_4> synthesized (advanced).

=========================================================================
Advanced HDL Synthesis Report

Macro Statistics
# Counters                                             : 1
 20-bit up counter                                     : 1
# Registers                                            : 7
 Flip-Flops                                            : 7
# FSMs                                                 : 1

=========================================================================

=========================================================================
*                         Low Level Synthesis                           *
=========================================================================
Analyzing FSM <MFsm> for best encoding.
Optimizing FSM <swbox/FSM_0> on signal <M_state_q[1:1]> with sequential encoding.
-------------------
 State | Encoding
-------------------
 01    | 0
 00    | 1
-------------------
WARNING:Xst:1294 - Latch <out1> is equivalent to a wire in block <switchbox_2>.

Optimizing unit <mojo_top_0> ...

Optimizing unit <switchbox_2> ...

Mapping all equations...
Building and optimizing final netlist ...
Found area constraint ratio of 100 (+ 0) on block mojo_top_0, actual ratio is 0.

Final Macro Processing ...

Processing Unit <mojo_top_0> :
	Found 2-bit shift register for signal <swbox/button_cond/sync/M_pipe_q_1>.
INFO:Xst:741 - HDL ADVISOR - A 4-bit shift register was found for signal <reset_cond/M_stage_q_3> and currently occupies 4 logic cells (2 slices). Removing the set/reset logic would take advantage of SRL32 (and derived) primitives and reduce this to 1 logic cells (1 slices). Evaluate if the set/reset can be removed for this simple shift register. The majority of simple pipeline structures do not need to be set/reset operationally.
Unit <mojo_top_0> processed.

=========================================================================
Final Register Report

Macro Statistics
# Registers                                            : 26
 Flip-Flops                                            : 26
# Shift Registers                                      : 1
 2-bit shift register                                  : 1

=========================================================================

=========================================================================
*                           Partition Report                            *
=========================================================================

Partition Implementation Status
-------------------------------

  No Partitions were found in this design.

-------------------------------

=========================================================================
*                            Design Summary                             *
=========================================================================

Clock Information:
------------------
-----------------------------------+------------------------+-------+
Clock Signal                       | Clock buffer(FF name)  | Load  |
-----------------------------------+------------------------+-------+
clk                                | BUFGP                  | 28    |
-----------------------------------+------------------------+-------+

Asynchronous Control Signals Information:
----------------------------------------
No asynchronous control signals found in this design

Timing Summary:
---------------
Speed Grade: -2

   Minimum period: 4.789ns (Maximum Frequency: 208.812MHz)
   Minimum input arrival time before clock: 3.526ns
   Maximum output required time after clock: 6.864ns
   Maximum combinational path delay: No path found

=========================================================================
